2019-03-28 13:35:52.074 tran_id={transaction_id} - Starting DemoApplication on ZZZM56587658A with PID 7216 (/Users/i344377/work/personal/github/nklmthr/invoice_demo/target/classes started by i344377 in /Users/i344377/work/personal/github/nklmthr/invoice_demo)
2019-03-28 13:35:52.074 tran_id={transaction_id} - Running with Spring Boot v2.0.3.RELEASE, Spring v5.0.7.RELEASE
2019-03-28 13:35:52.074 tran_id={transaction_id} - The following profiles are active: dev
2019-03-28 13:35:54.454 tran_id={transaction_id} - init(FilterConfig filterConfig)
2019-03-28 13:35:57.432 tran_id={transaction_id} - Started DemoApplication in 5.66 seconds (JVM running for 6.403)
2019-03-28 13:35:57.637 tran_id={transaction_id} - No Documents to Process...
2019-03-28 13:35:58.437 tran_id={transaction_id} - No Documents to Process...
2019-03-28 13:36:00.438 tran_id={transaction_id} - No Documents to Process...
2019-03-28 13:36:02.438 tran_id={transaction_id} - No Documents to Process...
2019-03-28 13:36:04.441 tran_id={transaction_id} - No Documents to Process...
2019-03-28 13:36:06.438 tran_id={transaction_id} - No Documents to Process...
2019-03-28 13:36:08.439 tran_id={transaction_id} - No Documents to Process...
2019-03-28 13:36:10.442 tran_id={transaction_id} - No Documents to Process...
2019-03-28 13:36:10.623 tran_id={transaction_id} - void destroy() 
2019-03-28 13:36:16.134 tran_id=%{transaction_id} - Starting DemoApplication on ZZZM56587658A with PID 7221 (/Users/i344377/work/personal/github/nklmthr/invoice_demo/target/classes started by i344377 in /Users/i344377/work/personal/github/nklmthr/invoice_demo)
2019-03-28 13:36:16.135 tran_id=%{transaction_id} - Running with Spring Boot v2.0.3.RELEASE, Spring v5.0.7.RELEASE
2019-03-28 13:36:16.135 tran_id=%{transaction_id} - The following profiles are active: dev
2019-03-28 13:36:18.409 tran_id=%{transaction_id} - init(FilterConfig filterConfig)
2019-03-28 13:37:23.768 tran_id=[] - Starting DemoApplication on ZZZM56587658A with PID 7232 (/Users/i344377/work/personal/github/nklmthr/invoice_demo/target/classes started by i344377 in /Users/i344377/work/personal/github/nklmthr/invoice_demo)
2019-03-28 13:37:23.768 tran_id=[] - Running with Spring Boot v2.0.3.RELEASE, Spring v5.0.7.RELEASE
2019-03-28 13:37:23.768 tran_id=[] - The following profiles are active: dev
2019-03-28 13:37:26.058 tran_id=[] - init(FilterConfig filterConfig)
2019-03-28 13:37:48.871 tran_id= - Starting DemoApplication on ZZZM56587658A with PID 7239 (/Users/i344377/work/personal/github/nklmthr/invoice_demo/target/classes started by i344377 in /Users/i344377/work/personal/github/nklmthr/invoice_demo)
2019-03-28 13:37:48.876 tran_id= - The following profiles are active: dev
2019-03-28 13:37:50.941 tran_id= - init(FilterConfig filterConfig)
2019-03-28 13:37:53.783 tran_id= - Started DemoApplication in 5.214 seconds (JVM running for 5.963)
2019-03-28 13:37:53.991 tran_id= - No Documents to Process...
2019-03-28 13:37:54.775 tran_id= - No Documents to Process...
2019-03-28 13:37:56.776 tran_id= - No Documents to Process...
2019-03-28 13:37:58.777 tran_id= - No Documents to Process...
2019-03-28 13:38:00.777 tran_id= - No Documents to Process...
2019-03-28 13:38:02.776 tran_id= - No Documents to Process...
2019-03-28 13:38:04.776 tran_id= - No Documents to Process...
2019-03-28 13:38:05.924 tran_id= - void destroy() 
2019-03-28 13:38:10.106 tran_id= - Starting DemoApplication on ZZZM56587658A with PID 7244 (/Users/i344377/work/personal/github/nklmthr/invoice_demo/target/classes started by i344377 in /Users/i344377/work/personal/github/nklmthr/invoice_demo)
2019-03-28 13:38:10.111 tran_id= - The following profiles are active: dev
2019-03-28 13:38:12.397 tran_id= - init(FilterConfig filterConfig)
2019-03-28 13:38:15.956 tran_id= - Started DemoApplication in 6.237 seconds (JVM running for 7.148)
2019-03-28 13:38:16.034 tran_id= - No Documents to Process...
2019-03-28 13:38:16.627 tran_id= - No Documents to Process...
2019-03-28 13:38:18.623 tran_id= - No Documents to Process...
2019-03-28 13:38:20.623 tran_id= - No Documents to Process...
2019-03-28 13:38:22.625 tran_id= - No Documents to Process...
2019-03-28 13:38:24.627 tran_id= - No Documents to Process...
2019-03-28 13:38:26.628 tran_id= - No Documents to Process...
2019-03-28 13:38:28.628 tran_id= - No Documents to Process...
2019-03-28 13:38:30.627 tran_id= - No Documents to Process...
2019-03-28 13:38:32.624 tran_id= - No Documents to Process...
2019-03-28 13:38:34.625 tran_id= - No Documents to Process...
2019-03-28 13:38:36.628 tran_id= - No Documents to Process...
2019-03-28 13:38:38.628 tran_id= - No Documents to Process...
2019-03-28 13:38:40.626 tran_id= - No Documents to Process...
2019-03-28 13:38:42.624 tran_id= - No Documents to Process...
2019-03-28 13:38:44.627 tran_id= - No Documents to Process...
2019-03-28 13:38:46.627 tran_id= - No Documents to Process...
2019-03-28 13:39:08.669 tran_id= - Starting DemoApplication on ZZZM56587658A with PID 7249 (/Users/i344377/work/personal/github/nklmthr/invoice_demo/target/classes started by i344377 in /Users/i344377/work/personal/github/nklmthr/invoice_demo)
2019-03-28 13:39:08.673 tran_id= - The following profiles are active: dev
2019-03-28 13:39:10.597 tran_id= - init(FilterConfig filterConfig)
2019-03-28 13:39:13.430 tran_id= - Started DemoApplication in 5.049 seconds (JVM running for 5.734)
2019-03-28 13:39:13.501 tran_id= - No Documents to Process...
2019-03-28 13:39:14.554 tran_id= - No Documents to Process...
2019-03-28 13:39:14.975 tran_id= - get document=cea57e4d-e4da-4c4f-9ab8-de88b6fd39bc
2019-03-28 13:39:16.551 tran_id= - No Documents to Process...
2019-03-28 13:39:18.553 tran_id= - No Documents to Process...
2019-03-28 13:39:20.552 tran_id= - No Documents to Process...
2019-03-28 13:39:21.806 tran_id= - void destroy() 
2019-03-28 13:41:13.572 tran_id= - Starting DemoApplication on ZZZM56587658A with PID 7264 (/Users/i344377/work/personal/github/nklmthr/invoice_demo/target/classes started by i344377 in /Users/i344377/work/personal/github/nklmthr/invoice_demo)
2019-03-28 13:41:13.577 tran_id= - The following profiles are active: dev
2019-03-28 13:41:15.922 tran_id= - init(FilterConfig filterConfig)
2019-03-28 13:41:19.578 tran_id= - Started DemoApplication in 6.362 seconds (JVM running for 7.325)
2019-03-28 13:41:19.675 tran_id= - No Documents to Process...
2019-03-28 13:41:20.217 tran_id= - No Documents to Process...
2019-03-28 13:41:22.214 tran_id= - No Documents to Process...
2019-03-28 13:41:24.217 tran_id= - No Documents to Process...
2019-03-28 13:41:25.774 tran_id= - get document=cea57e4d-e4da-4c4f-9ab8-de88b6fd39bc
2019-03-28 13:41:26.213 tran_id= - No Documents to Process...
2019-03-28 13:41:28.217 tran_id= - No Documents to Process...
2019-03-28 13:41:30.217 tran_id= - No Documents to Process...
2019-03-28 13:41:32.217 tran_id= - No Documents to Process...
2019-03-28 13:41:34.214 tran_id= - No Documents to Process...
2019-03-28 13:41:36.216 tran_id= - No Documents to Process...
2019-03-28 13:42:49.920 tran_id= - Starting DemoApplication on ZZZM56587658A with PID 7278 (/Users/i344377/work/personal/github/nklmthr/invoice_demo/target/classes started by i344377 in /Users/i344377/work/personal/github/nklmthr/invoice_demo)
2019-03-28 13:42:49.924 tran_id= - The following profiles are active: dev
2019-03-28 13:42:51.679 tran_id= - init(FilterConfig filterConfig)
2019-03-28 13:42:54.501 tran_id= - Started DemoApplication in 4.865 seconds (JVM running for 5.553)
2019-03-28 13:42:54.709 tran_id= - No Documents to Process...
2019-03-28 13:42:55.446 tran_id= - No Documents to Process...
2019-03-28 13:42:55.771 tran_id=29c8b9f7-f0aa-4b47-971a-31c1458d666b - get document=cea57e4d-e4da-4c4f-9ab8-de88b6fd39bc
2019-03-28 13:42:57.447 tran_id= - No Documents to Process...
2019-03-28 13:42:59.447 tran_id= - No Documents to Process...
2019-03-28 13:43:01.446 tran_id= - No Documents to Process...
2019-03-28 13:43:03.446 tran_id= - No Documents to Process...
2019-03-28 13:43:05.447 tran_id= - No Documents to Process...
2019-03-28 13:43:07.446 tran_id= - No Documents to Process...
2019-03-28 13:43:09.448 tran_id= - No Documents to Process...
2019-03-28 13:43:11.450 tran_id= - No Documents to Process...
2019-03-28 13:43:13.445 tran_id= - No Documents to Process...
2019-03-28 13:43:15.446 tran_id= - No Documents to Process...
2019-03-28 13:43:17.445 tran_id= - No Documents to Process...
2019-03-28 13:43:19.447 tran_id= - No Documents to Process...
2019-03-28 13:43:21.449 tran_id= - No Documents to Process...
2019-03-28 13:43:23.446 tran_id= - No Documents to Process...
2019-03-28 13:43:25.446 tran_id= - No Documents to Process...
2019-03-28 13:43:27.449 tran_id= - No Documents to Process...
2019-03-28 13:43:29.449 tran_id= - No Documents to Process...
2019-03-28 13:43:31.451 tran_id= - No Documents to Process...
2019-03-28 13:43:33.446 tran_id= - No Documents to Process...
2019-03-28 13:43:35.446 tran_id= - No Documents to Process...
2019-03-28 13:43:37.447 tran_id= - No Documents to Process...
2019-03-28 13:43:39.176 tran_id= - void destroy() 
2019-03-28 13:43:43.543 tran_id= ipAdd={%IPAdd} - Starting DemoApplication on ZZZM56587658A with PID 7284 (/Users/i344377/work/personal/github/nklmthr/invoice_demo/target/classes started by i344377 in /Users/i344377/work/personal/github/nklmthr/invoice_demo)
2019-03-28 13:43:43.548 tran_id= ipAdd={%IPAdd} - The following profiles are active: dev
2019-03-28 13:43:45.487 tran_id= ipAdd={%IPAdd} - init(FilterConfig filterConfig)
2019-03-28 13:43:48.233 tran_id= ipAdd={%IPAdd} - Started DemoApplication in 4.958 seconds (JVM running for 5.671)
2019-03-28 13:43:48.460 tran_id= ipAdd={%IPAdd} - No Documents to Process...
2019-03-28 13:43:49.324 tran_id= ipAdd={%IPAdd} - No Documents to Process...
2019-03-28 13:43:51.322 tran_id= ipAdd={%IPAdd} - No Documents to Process...
2019-03-28 13:43:53.322 tran_id= ipAdd={%IPAdd} - No Documents to Process...
2019-03-28 13:43:55.321 tran_id= ipAdd={%IPAdd} - No Documents to Process...
2019-03-28 13:43:57.324 tran_id= ipAdd={%IPAdd} - No Documents to Process...
2019-03-28 13:43:59.325 tran_id= ipAdd={%IPAdd} - No Documents to Process...
2019-03-28 13:44:00.330 tran_id=fb38d011-9db5-4793-b830-97a3779984dc ipAdd={%IPAdd} - get document=cea57e4d-e4da-4c4f-9ab8-de88b6fd39bc
2019-03-28 13:44:01.320 tran_id= ipAdd={%IPAdd} - No Documents to Process...
2019-03-28 13:44:03.322 tran_id= ipAdd={%IPAdd} - No Documents to Process...
2019-03-28 13:44:05.324 tran_id= ipAdd={%IPAdd} - No Documents to Process...
2019-03-28 13:44:07.320 tran_id= ipAdd={%IPAdd} - No Documents to Process...
2019-03-28 13:44:09.320 tran_id= ipAdd={%IPAdd} - No Documents to Process...
2019-03-28 13:44:11.320 tran_id= ipAdd={%IPAdd} - No Documents to Process...
2019-03-28 13:44:13.324 tran_id= ipAdd={%IPAdd} - No Documents to Process...
2019-03-28 13:44:15 tran_id= ipAdd={{}IPAdd%} - No Documents to Process...
2019-03-28 13:44:17 tran_id= ipAdd={{}IPAdd%} - No Documents to Process...
2019-03-28 13:44:19 tran_id= ipAdd={{}IPAdd%} - No Documents to Process...
2019-03-28 13:44:21 tran_id= ipAdd={{}IPAdd%} - void destroy() 
2019-03-28 13:44:29 tran_id= ipAdd= - Starting DemoApplication on ZZZM56587658A with PID 7294 (/Users/i344377/work/personal/github/nklmthr/invoice_demo/target/classes started by i344377 in /Users/i344377/work/personal/github/nklmthr/invoice_demo)
2019-03-28 13:44:29 tran_id= ipAdd= - The following profiles are active: dev
2019-03-28 13:44:31 tran_id= ipAdd= - init(FilterConfig filterConfig)
2019-03-28 13:44:33 tran_id= ipAdd= - Started DemoApplication in 4.917 seconds (JVM running for 5.634)
2019-03-28 13:44:34 tran_id= ipAdd= - No Documents to Process...
2019-03-28 13:44:35 tran_id= ipAdd= - No Documents to Process...
2019-03-28 13:44:37 tran_id= ipAdd= - No Documents to Process...
2019-03-28 13:44:37 tran_id=e2755a8c-e125-4b46-89e1-c9108e25d6d1 ipAdd=0:0:0:0:0:0:0:1 - get document=cea57e4d-e4da-4c4f-9ab8-de88b6fd39bc
2019-03-28 13:44:39 tran_id= ipAdd= - No Documents to Process...
2019-03-28 13:44:41 tran_id= ipAdd= - No Documents to Process...
2019-03-28 13:44:43 tran_id= ipAdd= - No Documents to Process...
2019-03-28 13:44:45 tran_id= ipAdd= - No Documents to Process...
2019-03-28 13:44:47 tran_id= ipAdd= - No Documents to Process...
2019-03-28 13:44:49 tran_id= ipAdd= - No Documents to Process...
2019-03-28 13:44:51 tran_id= ipAdd= - No Documents to Process...
2019-03-28 13:44:53 tran_id= ipAdd= - No Documents to Process...
2019-03-28 13:44:55 tran_id= ipAdd= - No Documents to Process...
2019-03-28 13:44:57 tran_id= ipAdd= - No Documents to Process...
2019-03-28 13:44:59 tran_id= ipAdd= - No Documents to Process...
2019-03-28 13:45:01 tran_id= ipAdd= - No Documents to Process...
2019-03-28 13:45:03 tran_id= ipAdd= - No Documents to Process...
2019-03-28 13:45:05 tran_id= ipAdd= - No Documents to Process...
2019-03-28 13:45:07 tran_id= ipAdd= - No Documents to Process...
2019-03-28 13:45:09 tran_id= ipAdd= - No Documents to Process...
2019-03-28 13:45:11 tran_id= ipAdd= - No Documents to Process...
2019-03-28 13:45:13 tran_id= ipAdd= - No Documents to Process...
2019-03-28 13:45:15 tran_id= ipAdd= - No Documents to Process...
2019-03-28 13:45:17 tran_id= ipAdd= - No Documents to Process...
2019-03-28 13:45:19 tran_id= ipAdd= - No Documents to Process...
2019-03-28 13:45:21 tran_id= ipAdd= - No Documents to Process...
2019-03-28 13:45:23 tran_id= ipAdd= - No Documents to Process...
2019-03-28 13:45:25 tran_id= ipAdd= - No Documents to Process...
2019-03-28 13:45:26 tran_id= ipAdd= - void destroy() 
2019-03-28 14:15:21 tran_id= ipAdd= - Starting DemoApplication on ZZZM56587658A with PID 7729 (/Users/i344377/work/personal/github/nklmthr/invoice_demo/target/classes started by i344377 in /Users/i344377/work/personal/github/nklmthr/invoice_demo)
2019-03-28 14:15:21 tran_id= ipAdd= - The following profiles are active: dev
2019-03-28 14:15:23 tran_id= ipAdd= - init(FilterConfig filterConfig)
2019-03-28 14:15:26 tran_id= ipAdd= - Started DemoApplication in 5.411 seconds (JVM running for 6.047)
2019-03-28 14:15:26 tran_id= ipAdd= - No Documents to Process...
2019-03-28 14:15:27 tran_id= ipAdd= - No Documents to Process...
2019-03-28 14:15:29 tran_id= ipAdd= - No Documents to Process...
2019-03-28 14:15:31 tran_id= ipAdd= - No Documents to Process...
2019-03-28 14:15:33 tran_id= ipAdd= - No Documents to Process...
2019-03-28 14:15:35 tran_id= ipAdd= - No Documents to Process...
2019-03-28 14:15:37 tran_id= ipAdd= - No Documents to Process...
2019-03-28 14:15:39 tran_id= ipAdd= - No Documents to Process...
2019-03-28 14:15:41 tran_id= ipAdd= - No Documents to Process...
2019-03-28 14:15:43 tran_id= ipAdd= - No Documents to Process...
2019-03-28 14:15:45 tran_id= ipAdd= - No Documents to Process...
2019-03-28 14:15:47 tran_id= ipAdd= - No Documents to Process...
2019-03-28 14:15:49 tran_id= ipAdd= - No Documents to Process...
2019-03-28 14:15:51 tran_id= ipAdd= - No Documents to Process...
2019-03-28 14:15:53 tran_id= ipAdd= - No Documents to Process...
2019-03-28 14:15:55 tran_id= ipAdd= - No Documents to Process...
2019-03-28 14:15:57 tran_id= ipAdd= - No Documents to Process...
2019-03-28 14:15:59 tran_id= ipAdd= - No Documents to Process...
2019-03-28 14:16:01 tran_id= ipAdd= - No Documents to Process...
2019-03-28 14:16:03 tran_id= ipAdd= - No Documents to Process...
2019-03-28 14:16:05 tran_id= ipAdd= - No Documents to Process...
2019-03-28 14:16:07 tran_id= ipAdd= - No Documents to Process...
2019-03-28 14:16:09 tran_id= ipAdd= - No Documents to Process...
2019-03-28 14:16:11 tran_id= ipAdd= - No Documents to Process...
2019-03-28 14:16:13 tran_id= ipAdd= - No Documents to Process...
2019-03-28 14:16:15 tran_id= ipAdd= - No Documents to Process...
2019-03-28 14:16:17 tran_id= ipAdd= - No Documents to Process...
2019-03-28 14:16:19 tran_id= ipAdd= - No Documents to Process...
2019-03-28 14:16:21 tran_id= ipAdd= - No Documents to Process...
2019-03-28 14:16:23 tran_id= ipAdd= - No Documents to Process...
2019-03-28 14:16:25 tran_id= ipAdd= - No Documents to Process...
2019-03-28 14:16:27 tran_id= ipAdd= - No Documents to Process...
2019-03-28 14:16:27 tran_id= ipAdd= - void destroy() 
2019-03-28 14:16:33 tran_id= ipAdd= - Starting DemoApplication on ZZZM56587658A with PID 7746 (/Users/i344377/work/personal/github/nklmthr/invoice_demo/target/classes started by i344377 in /Users/i344377/work/personal/github/nklmthr/invoice_demo)
2019-03-28 14:16:33 tran_id= ipAdd= - The following profiles are active: dev
2019-03-28 14:16:35 tran_id= ipAdd= - init(FilterConfig filterConfig)
2019-03-28 14:16:38 tran_id= ipAdd= - Started DemoApplication in 6.115 seconds (JVM running for 7.054)
2019-03-28 14:16:39 tran_id= ipAdd= - No Documents to Process...
2019-03-28 14:16:39 tran_id= ipAdd= - No Documents to Process...
2019-03-28 14:16:41 tran_id= ipAdd= - No Documents to Process...
2019-03-28 14:16:43 tran_id= ipAdd= - No Documents to Process...
2019-03-28 14:16:45 tran_id= ipAdd= - No Documents to Process...
2019-03-28 14:16:47 tran_id= ipAdd= - No Documents to Process...
2019-03-28 14:16:49 tran_id= ipAdd= - No Documents to Process...
2019-03-28 14:16:51 tran_id= ipAdd= - No Documents to Process...
2019-03-28 14:16:53 tran_id= ipAdd= - No Documents to Process...
2019-03-28 14:16:55 tran_id= ipAdd= - No Documents to Process...
2019-03-28 14:16:57 tran_id= ipAdd= - No Documents to Process...
2019-03-28 14:16:59 tran_id= ipAdd= - No Documents to Process...
2019-03-28 14:17:01 tran_id= ipAdd= - No Documents to Process...
2019-03-28 14:17:03 tran_id= ipAdd= - No Documents to Process...
2019-03-28 14:17:05 tran_id= ipAdd= - No Documents to Process...
2019-03-28 14:17:07 tran_id= ipAdd= - No Documents to Process...
2019-03-28 14:17:09 tran_id= ipAdd= - No Documents to Process...
2019-03-28 14:17:11 tran_id= ipAdd= - No Documents to Process...
2019-03-28 14:17:13 tran_id= ipAdd= - No Documents to Process...
2019-03-28 14:17:15 tran_id= ipAdd= - No Documents to Process...
2019-03-28 14:17:17 tran_id= ipAdd= - No Documents to Process...
2019-03-28 14:17:19 tran_id= ipAdd= - No Documents to Process...
2019-03-28 14:17:21 tran_id= ipAdd= - No Documents to Process...
2019-03-28 14:17:23 tran_id= ipAdd= - No Documents to Process...
2019-03-28 14:17:25 tran_id= ipAdd= - No Documents to Process...
2019-03-28 14:17:27 tran_id= ipAdd= - No Documents to Process...
2019-03-28 14:17:29 tran_id= ipAdd= - No Documents to Process...
2019-03-28 14:17:31 tran_id= ipAdd= - No Documents to Process...
2019-03-28 14:17:33 tran_id= ipAdd= - No Documents to Process...
2019-03-28 14:17:35 tran_id= ipAdd= - No Documents to Process...
2019-03-28 14:17:37 tran_id= ipAdd= - No Documents to Process...
2019-03-28 14:17:39 tran_id= ipAdd= - No Documents to Process...
2019-03-28 14:17:41 tran_id= ipAdd= - No Documents to Process...
2019-03-28 14:17:43 tran_id= ipAdd= - No Documents to Process...
2019-03-28 14:17:45 tran_id= ipAdd= - No Documents to Process...
2019-03-28 14:17:47 tran_id= ipAdd= - No Documents to Process...
2019-03-28 14:17:49 tran_id= ipAdd= - No Documents to Process...
2019-03-28 14:17:51 tran_id= ipAdd= - No Documents to Process...
2019-03-28 14:17:53 tran_id= ipAdd= - No Documents to Process...
2019-03-28 14:17:55 tran_id= ipAdd= - No Documents to Process...
2019-03-28 14:17:57 tran_id= ipAdd= - No Documents to Process...
2019-03-28 14:17:59 tran_id= ipAdd= - No Documents to Process...
2019-03-28 14:18:01 tran_id= ipAdd= - No Documents to Process...
2019-03-28 14:18:03 tran_id= ipAdd= - No Documents to Process...
2019-03-28 14:18:05 tran_id= ipAdd= - No Documents to Process...
2019-03-28 14:18:07 tran_id= ipAdd= - No Documents to Process...
2019-03-28 14:18:09 tran_id= ipAdd= - No Documents to Process...
2019-03-28 14:18:11 tran_id= ipAdd= - No Documents to Process...
2019-03-28 14:18:13 tran_id= ipAdd= - No Documents to Process...
2019-03-28 14:18:15 tran_id= ipAdd= - No Documents to Process...
2019-03-28 14:18:17 tran_id= ipAdd= - No Documents to Process...
2019-03-28 14:18:19 tran_id= ipAdd= - No Documents to Process...
2019-03-28 14:18:21 tran_id= ipAdd= - No Documents to Process...
2019-03-28 14:18:23 tran_id= ipAdd= - No Documents to Process...
2019-03-28 14:18:26 tran_id= ipAdd= - No Documents to Process...
2019-03-28 14:18:33 tran_id= ipAdd= - No Documents to Process...
2019-03-28 14:18:33 tran_id= ipAdd= - No Documents to Process...
2019-03-28 14:18:33 tran_id= ipAdd= - No Documents to Process...
2019-03-28 14:19:06 tran_id= ipAdd= - Starting DemoApplication on ZZZM56587658A with PID 7774 (/Users/i344377/work/personal/github/nklmthr/invoice_demo/target/classes started by i344377 in /Users/i344377/work/personal/github/nklmthr/invoice_demo)
2019-03-28 14:19:06 tran_id= ipAdd= - The following profiles are active: dev
2019-03-28 14:19:08 tran_id= ipAdd= - init(FilterConfig filterConfig)
2019-03-28 14:19:11 tran_id= ipAdd= - Started DemoApplication in 5.163 seconds (JVM running for 5.899)
2019-03-28 14:19:11 tran_id= ipAdd= - No Documents to Process...
2019-03-28 14:19:12 tran_id= ipAdd= - No Documents to Process...
2019-03-28 14:19:14 tran_id= ipAdd= - No Documents to Process...
2019-03-28 14:19:16 tran_id= ipAdd= - No Documents to Process...
2019-03-28 14:19:24 tran_id= ipAdd= - No Documents to Process...
2019-03-28 14:19:24 tran_id= ipAdd= - No Documents to Process...
2019-03-28 14:19:24 tran_id= ipAdd= - No Documents to Process...
2019-03-28 14:19:24 tran_id= ipAdd= - No Documents to Process...
2019-03-28 14:19:59 tran_id= ipAdd= - No Documents to Process...
2019-03-28 14:20:00 tran_id= ipAdd= - No Documents to Process...
2019-03-28 14:20:09 tran_id= ipAdd= - No Documents to Process...
2019-03-28 14:20:09 tran_id= ipAdd= - No Documents to Process...
2019-03-28 14:20:09 tran_id= ipAdd= - No Documents to Process...
2019-03-28 14:20:09 tran_id= ipAdd= - No Documents to Process...
2019-03-28 14:20:36 tran_id= ipAdd= - void destroy() 
2019-03-28 14:25:38 tran_id= ipAdd= - Starting DemoApplication on ZZZM56587658A with PID 7830 (/Users/i344377/work/personal/github/nklmthr/invoice_demo/target/classes started by i344377 in /Users/i344377/work/personal/github/nklmthr/invoice_demo)
2019-03-28 14:25:38 tran_id= ipAdd= - The following profiles are active: dev
2019-03-28 14:25:41 tran_id= ipAdd= - init(FilterConfig filterConfig)
2019-03-28 14:25:45 tran_id= ipAdd= - Started DemoApplication in 6.742 seconds (JVM running for 7.913)
2019-03-28 14:25:45 tran_id= ipAdd= - No Documents to Process...
2019-03-28 14:25:45 tran_id= ipAdd= - No Documents to Process...
2019-03-28 14:25:47 tran_id= ipAdd= - No Documents to Process...
2019-03-28 14:25:49 tran_id= ipAdd= - No Documents to Process...
2019-03-28 14:25:51 tran_id= ipAdd= - No Documents to Process...
2019-03-28 14:25:53 tran_id= ipAdd= - No Documents to Process...
2019-03-28 14:25:55 tran_id= ipAdd= - No Documents to Process...
2019-03-28 14:25:57 tran_id= ipAdd= - No Documents to Process...
2019-03-28 14:25:59 tran_id= ipAdd= - No Documents to Process...
2019-03-28 14:26:01 tran_id= ipAdd= - No Documents to Process...
2019-03-28 14:26:03 tran_id= ipAdd= - No Documents to Process...
2019-03-28 14:26:05 tran_id= ipAdd= - No Documents to Process...
2019-03-28 14:26:07 tran_id= ipAdd= - No Documents to Process...
2019-03-28 14:26:09 tran_id= ipAdd= - No Documents to Process...
2019-03-28 14:26:11 tran_id= ipAdd= - No Documents to Process...
2019-03-28 14:26:13 tran_id= ipAdd= - No Documents to Process...
2019-03-28 14:26:15 tran_id= ipAdd= - No Documents to Process...
2019-03-28 14:26:17 tran_id= ipAdd= - No Documents to Process...
2019-03-28 14:26:19 tran_id= ipAdd= - No Documents to Process...
2019-03-28 14:26:21 tran_id= ipAdd= - No Documents to Process...
2019-03-28 14:26:23 tran_id= ipAdd= - No Documents to Process...
2019-03-28 14:26:25 tran_id= ipAdd= - No Documents to Process...
2019-03-28 14:26:27 tran_id= ipAdd= - No Documents to Process...
2019-03-28 14:26:29 tran_id= ipAdd= - No Documents to Process...
2019-03-28 14:26:31 tran_id= ipAdd= - No Documents to Process...
2019-03-28 14:26:33 tran_id= ipAdd= - No Documents to Process...
2019-03-28 14:26:35 tran_id= ipAdd= - No Documents to Process...
2019-03-28 14:26:37 tran_id= ipAdd= - No Documents to Process...
2019-03-28 14:26:39 tran_id= ipAdd= - No Documents to Process...
2019-03-28 14:26:41 tran_id= ipAdd= - No Documents to Process...
2019-03-28 14:26:43 tran_id= ipAdd= - No Documents to Process...
2019-03-28 14:26:45 tran_id= ipAdd= - No Documents to Process...
2019-03-28 14:26:47 tran_id= ipAdd= - No Documents to Process...
2019-03-28 14:26:49 tran_id= ipAdd= - No Documents to Process...
2019-03-28 14:26:51 tran_id= ipAdd= - No Documents to Process...
2019-03-28 14:26:53 tran_id= ipAdd= - No Documents to Process...
2019-03-28 14:26:55 tran_id= ipAdd= - No Documents to Process...
2019-03-28 14:26:57 tran_id= ipAdd= - No Documents to Process...
2019-03-28 14:26:59 tran_id= ipAdd= - No Documents to Process...
2019-03-28 14:27:01 tran_id= ipAdd= - No Documents to Process...
2019-03-28 14:27:03 tran_id= ipAdd= - No Documents to Process...
2019-03-28 14:27:05 tran_id= ipAdd= - No Documents to Process...
2019-03-28 14:27:07 tran_id= ipAdd= - No Documents to Process...
2019-03-28 14:27:09 tran_id= ipAdd= - No Documents to Process...
2019-03-28 14:27:11 tran_id= ipAdd= - No Documents to Process...
2019-03-28 14:27:13 tran_id= ipAdd= - No Documents to Process...
2019-03-28 14:27:15 tran_id= ipAdd= - No Documents to Process...
2019-03-28 14:27:17 tran_id= ipAdd= - No Documents to Process...
2019-03-28 14:27:19 tran_id= ipAdd= - No Documents to Process...
2019-03-28 14:27:21 tran_id= ipAdd= - No Documents to Process...
2019-03-28 14:27:23 tran_id= ipAdd= - No Documents to Process...
2019-03-28 14:27:25 tran_id= ipAdd= - No Documents to Process...
2019-03-28 14:27:27 tran_id= ipAdd= - No Documents to Process...
2019-03-28 14:27:29 tran_id= ipAdd= - No Documents to Process...
2019-03-28 14:27:31 tran_id= ipAdd= - No Documents to Process...
2019-03-28 14:27:33 tran_id= ipAdd= - No Documents to Process...
2019-03-28 14:27:35 tran_id= ipAdd= - No Documents to Process...
2019-03-28 14:27:37 tran_id= ipAdd= - No Documents to Process...
2019-03-28 14:27:39 tran_id= ipAdd= - No Documents to Process...
2019-03-28 14:27:41 tran_id= ipAdd= - No Documents to Process...
2019-03-28 14:27:43 tran_id= ipAdd= - No Documents to Process...
2019-03-28 14:27:45 tran_id= ipAdd= - No Documents to Process...
2019-03-28 14:27:47 tran_id= ipAdd= - No Documents to Process...
2019-03-28 14:27:49 tran_id= ipAdd= - No Documents to Process...
2019-03-28 14:27:51 tran_id= ipAdd= - No Documents to Process...
2019-03-28 14:27:53 tran_id= ipAdd= - No Documents to Process...
2019-03-28 14:27:55 tran_id= ipAdd= - No Documents to Process...
2019-03-28 14:27:57 tran_id= ipAdd= - No Documents to Process...
2019-03-28 14:27:59 tran_id= ipAdd= - No Documents to Process...
2019-03-28 14:28:01 tran_id= ipAdd= - No Documents to Process...
2019-03-28 14:28:03 tran_id= ipAdd= - No Documents to Process...
2019-03-28 14:28:05 tran_id= ipAdd= - No Documents to Process...
2019-03-28 14:28:07 tran_id= ipAdd= - No Documents to Process...
2019-03-28 14:28:09 tran_id= ipAdd= - No Documents to Process...
2019-03-28 14:28:11 tran_id= ipAdd= - No Documents to Process...
2019-03-28 14:28:13 tran_id= ipAdd= - No Documents to Process...
2019-03-28 14:28:15 tran_id= ipAdd= - No Documents to Process...
2019-03-28 14:28:17 tran_id= ipAdd= - No Documents to Process...
2019-03-28 14:28:19 tran_id= ipAdd= - No Documents to Process...
2019-03-28 14:28:21 tran_id= ipAdd= - No Documents to Process...
2019-03-28 14:28:23 tran_id= ipAdd= - No Documents to Process...
2019-03-28 14:28:25 tran_id= ipAdd= - No Documents to Process...
2019-03-28 14:28:27 tran_id= ipAdd= - No Documents to Process...
2019-03-28 14:28:29 tran_id= ipAdd= - No Documents to Process...
2019-03-28 14:28:31 tran_id= ipAdd= - No Documents to Process...
2019-03-28 14:28:33 tran_id= ipAdd= - No Documents to Process...
2019-03-28 14:28:35 tran_id= ipAdd= - No Documents to Process...
2019-03-28 14:28:37 tran_id= ipAdd= - No Documents to Process...
2019-03-28 14:28:39 tran_id= ipAdd= - No Documents to Process...
2019-03-28 14:28:41 tran_id= ipAdd= - No Documents to Process...
2019-03-28 14:28:43 tran_id= ipAdd= - No Documents to Process...
2019-03-28 14:28:45 tran_id= ipAdd= - No Documents to Process...
2019-03-28 14:28:47 tran_id= ipAdd= - No Documents to Process...
2019-03-28 14:28:49 tran_id= ipAdd= - No Documents to Process...
2019-03-28 14:28:51 tran_id= ipAdd= - No Documents to Process...
2019-03-28 14:28:53 tran_id= ipAdd= - No Documents to Process...
2019-03-28 14:28:55 tran_id= ipAdd= - No Documents to Process...
2019-03-28 14:28:57 tran_id= ipAdd= - No Documents to Process...
2019-03-28 14:28:59 tran_id= ipAdd= - No Documents to Process...
2019-03-28 14:29:01 tran_id= ipAdd= - No Documents to Process...
2019-03-28 14:29:03 tran_id= ipAdd= - No Documents to Process...
2019-03-28 14:29:05 tran_id= ipAdd= - No Documents to Process...
2019-03-28 14:29:07 tran_id= ipAdd= - No Documents to Process...
2019-03-28 14:29:09 tran_id= ipAdd= - No Documents to Process...
2019-03-28 14:29:11 tran_id= ipAdd= - No Documents to Process...
2019-03-28 14:29:13 tran_id= ipAdd= - No Documents to Process...
2019-03-28 14:29:15 tran_id= ipAdd= - No Documents to Process...
2019-03-28 14:29:53 tran_id= ipAdd= - Starting DemoApplication on ZZZM56587658A with PID 7866 (/Users/i344377/work/personal/github/nklmthr/invoice_demo/target/classes started by i344377 in /Users/i344377/work/personal/github/nklmthr/invoice_demo)
2019-03-28 14:29:53 tran_id= ipAdd= - The following profiles are active: dev
2019-03-28 14:29:55 tran_id= ipAdd= - init(FilterConfig filterConfig)
2019-03-28 14:29:57 tran_id= ipAdd= - Started DemoApplication in 4.456 seconds (JVM running for 5.107)
2019-03-28 14:29:57 tran_id= ipAdd= - No Documents to Process...
2019-03-28 14:29:58 tran_id= ipAdd= - No Documents to Process...
2019-03-28 14:30:00 tran_id= ipAdd= - No Documents to Process...
2019-03-28 14:30:02 tran_id= ipAdd= - No Documents to Process...
2019-03-28 14:30:04 tran_id= ipAdd= - No Documents to Process...
2019-03-28 14:30:06 tran_id= ipAdd= - No Documents to Process...
2019-03-28 14:30:08 tran_id= ipAdd= - No Documents to Process...
2019-03-28 14:30:10 tran_id= ipAdd= - No Documents to Process...
2019-03-28 14:30:12 tran_id= ipAdd= - No Documents to Process...
2019-03-28 14:30:14 tran_id= ipAdd= - No Documents to Process...
2019-03-28 14:30:16 tran_id= ipAdd= - No Documents to Process...
2019-03-28 14:30:18 tran_id= ipAdd= - No Documents to Process...
2019-03-28 14:30:20 tran_id= ipAdd= - No Documents to Process...
2019-03-28 14:30:22 tran_id= ipAdd= - No Documents to Process...
2019-03-28 14:30:24 tran_id= ipAdd= - No Documents to Process...
2019-03-28 14:30:26 tran_id= ipAdd= - No Documents to Process...
2019-03-28 14:30:28 tran_id= ipAdd= - No Documents to Process...
2019-03-28 14:30:30 tran_id= ipAdd= - No Documents to Process...
2019-03-28 14:30:32 tran_id= ipAdd= - No Documents to Process...
2019-03-28 14:30:34 tran_id= ipAdd= - No Documents to Process...
2019-03-28 14:30:36 tran_id= ipAdd= - No Documents to Process...
2019-03-28 14:30:38 tran_id= ipAdd= - void destroy() 
